Added Component: Designator=C1(7343)
Added Component: Designator=C2(7343)
Added Component: Designator=C3(2012[0805])
Added Component: Designator=C4(2012[0805])
Added Component: Designator=C5(2012[0805])
Added Component: Designator=C6(2012[0805])
Added Component: Designator=C7(2012[0805])
Added Component: Designator=C8(2012[0805])
Added Component: Designator=C9(2012[0805])
Added Component: Designator=C10(2012[0805])
Added Component: Designator=C11(2012[0805])
Added Component: Designator=C12(2012[0805])
Added Component: Designator=C13(2012[0805])
Added Component: Designator=C14(2012[0805])
Added Component: Designator=C15(2012[0805])
Added Component: Designator=C16(2012[0805])
Added Component: Designator=C17(2012[0805])
Added Component: Designator=C18(2012[0805])
Added Component: Designator=D1(PRTR5V0U2D)
Added Component: Designator=D2(2012[0805])
Added Component: Designator=D3(2012[0805])
Added Component: Designator=D4(2012[0805])
Added Component: Designator=D5(2012[0805])
Added Component: Designator=D6(2012[0805])
Added Component: Designator=D7(2012[0805])
Added Component: Designator=D8(2012[0805])
Added Component: Designator=D9(2012[0805])
Added Component: Designator=D10(2012[0805])
Added Component: Designator=D11(2012[0805])
Added Component: Designator=D12(2012[0805])
Added Component: Designator=D13(2012[0805])
Added Component: Designator=D14(2012[0805])
Added Component: Designator=D15(2012[0805])
Added Component: Designator=D16(2012[0805])
Added Component: Designator=D17(2012[0805])
Added Component: Designator=D18(2012[0805])
Added Component: Designator=D19(2012[0805])
Added Component: Designator=D20(2012[0805])
Added Component: Designator=J1(USB_MINI)
Added Component: Designator=P1(HDR1X3)
Added Component: Designator=P2(HDR1X3)
Added Component: Designator=P3(HDR1X4)
Added Component: Designator=P4(HDR1X4)
Added Component: Designator=P5(HDR1X4)
Added Component: Designator=R1(2012[0805])
Added Component: Designator=R2(2012[0805])
Added Component: Designator=R3(2012[0805])
Added Component: Designator=R4(2012[0805])
Added Component: Designator=R5(2012[0805])
Added Component: Designator=R6(2012[0805])
Added Component: Designator=R7(2012[0805])
Added Component: Designator=R8(2012[0805])
Added Component: Designator=R9(2012[0805])
Added Component: Designator=R10(2012[0805])
Added Component: Designator=R11(2012[0805])
Added Component: Designator=R12(2012[0805])
Added Component: Designator=R13(2012[0805])
Added Component: Designator=R14(2012[0805])
Added Component: Designator=R15(2012[0805])
Added Component: Designator=R16(2012[0805])
Added Component: Designator=R17(2012[0805])
Added Component: Designator=R18(2012[0805])
Added Component: Designator=R19(2012[0805])
Added Component: Designator=R20(2012[0805])
Added Component: Designator=R21(2012[0805])
Added Component: Designator=R22(2012[0805])
Added Component: Designator=R23(2012[0805])
Added Component: Designator=R24(2012[0805])
Added Component: Designator=R25(2012[0805])
Added Component: Designator=R26(2012[0805])
Added Component: Designator=R27(2012[0805])
Added Component: Designator=R28(2012[0805])
Added Component: Designator=R29(2012[0805])
Added Component: Designator=R30(2012[0805])
Added Component: Designator=R31(2012[0805])
Added Component: Designator=R32(2012[0805])
Added Component: Designator=S1(SW-SMD)
Added Component: Designator=U1(STM-LQFP100_N)
Added Component: Designator=U2(SOT223)
Added Component: Designator=U3(NRF24L01)
Added Component: Designator=U4(NRF24L01)
Added Component: Designator=U5(STM-LQFP48_N)
Added Component: Designator=U6(NRF24L01)
Added Component: Designator=Y1(XTALL)
Added Component: Designator=Y2(XTALL)
Added Pin To Net: NetName=3.3V Pin=C1-1
Added Pin To Net: NetName=3.3V Pin=C10-2
Added Pin To Net: NetName=3.3V Pin=C11-2
Added Pin To Net: NetName=3.3V Pin=C12-2
Added Pin To Net: NetName=3.3V Pin=C13-2
Added Pin To Net: NetName=3.3V Pin=C14-2
Added Pin To Net: NetName=3.3V Pin=C15-2
Added Pin To Net: NetName=3.3V Pin=C16-2
Added Pin To Net: NetName=3.3V Pin=C17-2
Added Pin To Net: NetName=3.3V Pin=C18-2
Added Pin To Net: NetName=3.3V Pin=P3-1
Added Pin To Net: NetName=3.3V Pin=P4-1
Added Pin To Net: NetName=3.3V Pin=P5-1
Added Pin To Net: NetName=3.3V Pin=R1-1
Added Pin To Net: NetName=3.3V Pin=R2-1
Added Pin To Net: NetName=3.3V Pin=R3-1
Added Pin To Net: NetName=3.3V Pin=R4-1
Added Pin To Net: NetName=3.3V Pin=R5-1
Added Pin To Net: NetName=3.3V Pin=R6-1
Added Pin To Net: NetName=3.3V Pin=R7-1
Added Pin To Net: NetName=3.3V Pin=R8-1
Added Pin To Net: NetName=3.3V Pin=R9-1
Added Pin To Net: NetName=3.3V Pin=R15-1
Added Pin To Net: NetName=3.3V Pin=R22-1
Added Pin To Net: NetName=3.3V Pin=U1-6
Added Pin To Net: NetName=3.3V Pin=U1-11
Added Pin To Net: NetName=3.3V Pin=U1-19
Added Pin To Net: NetName=3.3V Pin=U1-21
Added Pin To Net: NetName=3.3V Pin=U1-22
Added Pin To Net: NetName=3.3V Pin=U1-28
Added Pin To Net: NetName=3.3V Pin=U1-50
Added Pin To Net: NetName=3.3V Pin=U1-75
Added Pin To Net: NetName=3.3V Pin=U1-100
Added Pin To Net: NetName=3.3V Pin=U2-4
Added Pin To Net: NetName=3.3V Pin=U3-2
Added Pin To Net: NetName=3.3V Pin=U4-2
Added Pin To Net: NetName=3.3V Pin=U5-1
Added Pin To Net: NetName=3.3V Pin=U5-9
Added Pin To Net: NetName=3.3V Pin=U5-24
Added Pin To Net: NetName=3.3V Pin=U5-36
Added Pin To Net: NetName=3.3V Pin=U5-48
Added Pin To Net: NetName=3.3V Pin=U6-2
Added Net: Name=3.3V
Added Pin To Net: NetName=5V Pin=C2-1
Added Pin To Net: NetName=5V Pin=D1-5
Added Pin To Net: NetName=5V Pin=J1-1
Added Pin To Net: NetName=5V Pin=U2-3
Added Net: Name=5V
Added Pin To Net: NetName=CE1 Pin=U1-33
Added Pin To Net: NetName=CE1 Pin=U3-3
Added Net: Name=CE1
Added Pin To Net: NetName=CE2 Pin=U1-36
Added Pin To Net: NetName=CE2 Pin=U4-3
Added Net: Name=CE2
Added Pin To Net: NetName=CE3 Pin=U1-40
Added Pin To Net: NetName=CE3 Pin=U6-3
Added Net: Name=CE3
Added Pin To Net: NetName=CS1 Pin=U1-34
Added Pin To Net: NetName=CS1 Pin=U3-4
Added Net: Name=CS1
Added Pin To Net: NetName=CS2 Pin=U1-38
Added Pin To Net: NetName=CS2 Pin=U4-4
Added Net: Name=CS2
Added Pin To Net: NetName=CS3 Pin=U1-41
Added Pin To Net: NetName=CS3 Pin=U6-4
Added Net: Name=CS3
Added Pin To Net: NetName=DEBUG RX Pin=P2-2
Added Pin To Net: NetName=DEBUG RX Pin=R3-2
Added Pin To Net: NetName=DEBUG RX Pin=U1-26
Added Net: Name=DEBUG RX
Added Pin To Net: NetName=DEBUG TX Pin=P2-1
Added Pin To Net: NetName=DEBUG TX Pin=R6-2
Added Pin To Net: NetName=DEBUG TX Pin=U1-25
Added Net: Name=DEBUG TX
Added Pin To Net: NetName=DM Pin=D1-3
Added Pin To Net: NetName=DM Pin=U5-32
Added Net: Name=DM
Added Pin To Net: NetName=DP Pin=D1-1
Added Pin To Net: NetName=DP Pin=U5-33
Added Net: Name=DP
Added Pin To Net: NetName=GND Pin=C1-2
Added Pin To Net: NetName=GND Pin=C2-2
Added Pin To Net: NetName=GND Pin=C3-1
Added Pin To Net: NetName=GND Pin=C4-2
Added Pin To Net: NetName=GND Pin=C5-2
Added Pin To Net: NetName=GND Pin=C6-1
Added Pin To Net: NetName=GND Pin=C7-1
Added Pin To Net: NetName=GND Pin=C8-2
Added Pin To Net: NetName=GND Pin=C9-2
Added Pin To Net: NetName=GND Pin=C10-1
Added Pin To Net: NetName=GND Pin=C11-1
Added Pin To Net: NetName=GND Pin=C12-1
Added Pin To Net: NetName=GND Pin=C13-1
Added Pin To Net: NetName=GND Pin=C14-1
Added Pin To Net: NetName=GND Pin=C15-1
Added Pin To Net: NetName=GND Pin=C16-1
Added Pin To Net: NetName=GND Pin=C17-1
Added Pin To Net: NetName=GND Pin=C18-1
Added Pin To Net: NetName=GND Pin=D1-2
Added Pin To Net: NetName=GND Pin=D2-2
Added Pin To Net: NetName=GND Pin=D3-2
Added Pin To Net: NetName=GND Pin=D4-2
Added Pin To Net: NetName=GND Pin=D5-2
Added Pin To Net: NetName=GND Pin=D6-2
Added Pin To Net: NetName=GND Pin=D7-2
Added Pin To Net: NetName=GND Pin=D8-2
Added Pin To Net: NetName=GND Pin=D9-2
Added Pin To Net: NetName=GND Pin=D10-2
Added Pin To Net: NetName=GND Pin=D11-2
Added Pin To Net: NetName=GND Pin=D12-2
Added Pin To Net: NetName=GND Pin=D13-2
Added Pin To Net: NetName=GND Pin=D14-2
Added Pin To Net: NetName=GND Pin=D15-2
Added Pin To Net: NetName=GND Pin=D16-2
Added Pin To Net: NetName=GND Pin=D17-2
Added Pin To Net: NetName=GND Pin=D18-2
Added Pin To Net: NetName=GND Pin=D19-2
Added Pin To Net: NetName=GND Pin=D20-2
Added Pin To Net: NetName=GND Pin=J1-5
Added Pin To Net: NetName=GND Pin=P1-3
Added Pin To Net: NetName=GND Pin=P2-3
Added Pin To Net: NetName=GND Pin=P3-4
Added Pin To Net: NetName=GND Pin=P4-3
Added Pin To Net: NetName=GND Pin=P5-3
Added Pin To Net: NetName=GND Pin=R10-1
Added Pin To Net: NetName=GND Pin=R12-2
Added Pin To Net: NetName=GND Pin=R19-2
Added Pin To Net: NetName=GND Pin=S1-2
Added Pin To Net: NetName=GND Pin=U1-10
Added Pin To Net: NetName=GND Pin=U1-20
Added Pin To Net: NetName=GND Pin=U1-27
Added Pin To Net: NetName=GND Pin=U1-74
Added Pin To Net: NetName=GND Pin=U1-99
Added Pin To Net: NetName=GND Pin=U2-1
Added Pin To Net: NetName=GND Pin=U3-1
Added Pin To Net: NetName=GND Pin=U4-1
Added Pin To Net: NetName=GND Pin=U5-8
Added Pin To Net: NetName=GND Pin=U5-23
Added Pin To Net: NetName=GND Pin=U5-35
Added Pin To Net: NetName=GND Pin=U5-47
Added Pin To Net: NetName=GND Pin=U6-1
Added Net: Name=GND
Added Pin To Net: NetName=IRQ1 Pin=U1-35
Added Pin To Net: NetName=IRQ1 Pin=U3-8
Added Net: Name=IRQ1
Added Pin To Net: NetName=IRQ2 Pin=U1-39
Added Pin To Net: NetName=IRQ2 Pin=U4-8
Added Net: Name=IRQ2
Added Pin To Net: NetName=IRQ3 Pin=U1-42
Added Pin To Net: NetName=IRQ3 Pin=U6-8
Added Net: Name=IRQ3
Added Pin To Net: NetName=LED1 Pin=R11-1
Added Pin To Net: NetName=LED1 Pin=U5-18
Added Net: Name=LED1
Added Pin To Net: NetName=LED2 Pin=R16-1
Added Pin To Net: NetName=LED2 Pin=U5-19
Added Net: Name=LED2
Added Pin To Net: NetName=MISO Pin=U1-31
Added Pin To Net: NetName=MISO Pin=U3-7
Added Pin To Net: NetName=MISO Pin=U4-7
Added Pin To Net: NetName=MISO Pin=U6-7
Added Net: Name=MISO
Added Pin To Net: NetName=MOSI Pin=U1-32
Added Pin To Net: NetName=MOSI Pin=U3-6
Added Pin To Net: NetName=MOSI Pin=U4-6
Added Pin To Net: NetName=MOSI Pin=U6-6
Added Net: Name=MOSI
Added Pin To Net: NetName=NetC3_2 Pin=C3-2
Added Pin To Net: NetName=NetC3_2 Pin=J1-6
Added Pin To Net: NetName=NetC3_2 Pin=J1-7
Added Pin To Net: NetName=NetC3_2 Pin=J1-8
Added Pin To Net: NetName=NetC3_2 Pin=J1-9
Added Pin To Net: NetName=NetC3_2 Pin=R10-2
Added Net: Name=NetC3_2
Added Pin To Net: NetName=NetC4_1 Pin=C4-1
Added Pin To Net: NetName=NetC4_1 Pin=U1-12
Added Pin To Net: NetName=NetC4_1 Pin=Y1-1
Added Net: Name=NetC4_1
Added Pin To Net: NetName=NetC5_1 Pin=C5-1
Added Pin To Net: NetName=NetC5_1 Pin=U1-13
Added Pin To Net: NetName=NetC5_1 Pin=Y1-2
Added Net: Name=NetC5_1
Added Pin To Net: NetName=NetC6_2 Pin=C6-2
Added Pin To Net: NetName=NetC6_2 Pin=U1-49
Added Net: Name=NetC6_2
Added Pin To Net: NetName=NetC7_2 Pin=C7-2
Added Pin To Net: NetName=NetC7_2 Pin=U1-73
Added Net: Name=NetC7_2
Added Pin To Net: NetName=NetC8_1 Pin=C8-1
Added Pin To Net: NetName=NetC8_1 Pin=U5-5
Added Pin To Net: NetName=NetC8_1 Pin=Y2-2
Added Net: Name=NetC8_1
Added Pin To Net: NetName=NetC9_1 Pin=C9-1
Added Pin To Net: NetName=NetC9_1 Pin=U5-6
Added Pin To Net: NetName=NetC9_1 Pin=Y2-1
Added Net: Name=NetC9_1
Added Pin To Net: NetName=NetD1_4 Pin=D1-4
Added Pin To Net: NetName=NetD1_4 Pin=J1-2
Added Net: Name=NetD1_4
Added Pin To Net: NetName=NetD1_6 Pin=D1-6
Added Pin To Net: NetName=NetD1_6 Pin=J1-3
Added Pin To Net: NetName=NetD1_6 Pin=R8-2
Added Net: Name=NetD1_6
Added Pin To Net: NetName=NetD2_1 Pin=D2-1
Added Pin To Net: NetName=NetD2_1 Pin=R9-2
Added Net: Name=NetD2_1
Added Pin To Net: NetName=NetD3_1 Pin=D3-1
Added Pin To Net: NetName=NetD3_1 Pin=R11-2
Added Net: Name=NetD3_1
Added Pin To Net: NetName=NetD4_1 Pin=D4-1
Added Pin To Net: NetName=NetD4_1 Pin=R13-2
Added Net: Name=NetD4_1
Added Pin To Net: NetName=NetD5_1 Pin=D5-1
Added Pin To Net: NetName=NetD5_1 Pin=R14-2
Added Net: Name=NetD5_1
Added Pin To Net: NetName=NetD6_1 Pin=D6-1
Added Pin To Net: NetName=NetD6_1 Pin=R16-2
Added Net: Name=NetD6_1
Added Pin To Net: NetName=NetD7_1 Pin=D7-1
Added Pin To Net: NetName=NetD7_1 Pin=R17-2
Added Net: Name=NetD7_1
Added Pin To Net: NetName=NetD8_1 Pin=D8-1
Added Pin To Net: NetName=NetD8_1 Pin=R18-2
Added Net: Name=NetD8_1
Added Pin To Net: NetName=NetD9_1 Pin=D9-1
Added Pin To Net: NetName=NetD9_1 Pin=R20-2
Added Net: Name=NetD9_1
Added Pin To Net: NetName=NetD10_1 Pin=D10-1
Added Pin To Net: NetName=NetD10_1 Pin=R21-2
Added Net: Name=NetD10_1
Added Pin To Net: NetName=NetD11_1 Pin=D11-1
Added Pin To Net: NetName=NetD11_1 Pin=R23-2
Added Net: Name=NetD11_1
Added Pin To Net: NetName=NetD12_1 Pin=D12-1
Added Pin To Net: NetName=NetD12_1 Pin=R24-2
Added Net: Name=NetD12_1
Added Pin To Net: NetName=NetD13_1 Pin=D13-1
Added Pin To Net: NetName=NetD13_1 Pin=R25-2
Added Net: Name=NetD13_1
Added Pin To Net: NetName=NetD14_1 Pin=D14-1
Added Pin To Net: NetName=NetD14_1 Pin=R26-2
Added Net: Name=NetD14_1
Added Pin To Net: NetName=NetD15_1 Pin=D15-1
Added Pin To Net: NetName=NetD15_1 Pin=R27-2
Added Net: Name=NetD15_1
Added Pin To Net: NetName=NetD16_1 Pin=D16-1
Added Pin To Net: NetName=NetD16_1 Pin=R28-2
Added Net: Name=NetD16_1
Added Pin To Net: NetName=NetD17_1 Pin=D17-1
Added Pin To Net: NetName=NetD17_1 Pin=R29-2
Added Net: Name=NetD17_1
Added Pin To Net: NetName=NetD18_1 Pin=D18-1
Added Pin To Net: NetName=NetD18_1 Pin=R30-2
Added Net: Name=NetD18_1
Added Pin To Net: NetName=NetD19_1 Pin=D19-1
Added Pin To Net: NetName=NetD19_1 Pin=R31-2
Added Net: Name=NetD19_1
Added Pin To Net: NetName=NetD20_1 Pin=D20-1
Added Pin To Net: NetName=NetD20_1 Pin=R32-2
Added Net: Name=NetD20_1
Added Pin To Net: NetName=NetR7_2 Pin=R7-2
Added Pin To Net: NetName=NetR7_2 Pin=U1-37
Added Net: Name=NetR7_2
Added Pin To Net: NetName=NetR12_1 Pin=R12-1
Added Pin To Net: NetName=NetR12_1 Pin=U1-94
Added Net: Name=NetR12_1
Added Pin To Net: NetName=NetR15_2 Pin=R15-2
Added Pin To Net: NetName=NetR15_2 Pin=S1-1
Added Pin To Net: NetName=NetR15_2 Pin=U1-14
Added Net: Name=NetR15_2
Added Pin To Net: NetName=NetR19_1 Pin=R19-1
Added Pin To Net: NetName=NetR19_1 Pin=U5-44
Added Net: Name=NetR19_1
Added Pin To Net: NetName=NetR22_2 Pin=R22-2
Added Pin To Net: NetName=NetR22_2 Pin=U5-7
Added Net: Name=NetR22_2
Added Pin To Net: NetName=RID0 Pin=R13-1
Added Pin To Net: NetName=RID0 Pin=U1-51
Added Net: Name=RID0
Added Pin To Net: NetName=RID1 Pin=R17-1
Added Pin To Net: NetName=RID1 Pin=U1-52
Added Net: Name=RID1
Added Pin To Net: NetName=RID2 Pin=R20-1
Added Pin To Net: NetName=RID2 Pin=U1-53
Added Net: Name=RID2
Added Pin To Net: NetName=RID3 Pin=R23-1
Added Pin To Net: NetName=RID3 Pin=U1-54
Added Net: Name=RID3
Added Pin To Net: NetName=RID4 Pin=R25-1
Added Pin To Net: NetName=RID4 Pin=U1-55
Added Net: Name=RID4
Added Pin To Net: NetName=RID5 Pin=R27-1
Added Pin To Net: NetName=RID5 Pin=U1-56
Added Net: Name=RID5
Added Pin To Net: NetName=RID6 Pin=R29-1
Added Pin To Net: NetName=RID6 Pin=U1-57
Added Net: Name=RID6
Added Pin To Net: NetName=RID7 Pin=R31-1
Added Pin To Net: NetName=RID7 Pin=U1-58
Added Net: Name=RID7
Added Pin To Net: NetName=RID8 Pin=R14-1
Added Pin To Net: NetName=RID8 Pin=U1-59
Added Net: Name=RID8
Added Pin To Net: NetName=RID9 Pin=R18-1
Added Pin To Net: NetName=RID9 Pin=U1-60
Added Net: Name=RID9
Added Pin To Net: NetName=RID10 Pin=R21-1
Added Pin To Net: NetName=RID10 Pin=U1-61
Added Net: Name=RID10
Added Pin To Net: NetName=RID11 Pin=R24-1
Added Pin To Net: NetName=RID11 Pin=U1-62
Added Net: Name=RID11
Added Pin To Net: NetName=RID12 Pin=R26-1
Added Pin To Net: NetName=RID12 Pin=U1-63
Added Net: Name=RID12
Added Pin To Net: NetName=RID13 Pin=R28-1
Added Pin To Net: NetName=RID13 Pin=U1-64
Added Net: Name=RID13
Added Pin To Net: NetName=RID14 Pin=R30-1
Added Pin To Net: NetName=RID14 Pin=U1-65
Added Net: Name=RID14
Added Pin To Net: NetName=RID15 Pin=R32-1
Added Pin To Net: NetName=RID15 Pin=U1-66
Added Net: Name=RID15
Added Pin To Net: NetName=RX Pin=P1-2
Added Pin To Net: NetName=RX Pin=R2-2
Added Pin To Net: NetName=RX Pin=U1-68
Added Pin To Net: NetName=RX Pin=U5-31
Added Net: Name=RX
Added Pin To Net: NetName=SCK Pin=U1-30
Added Pin To Net: NetName=SCK Pin=U3-5
Added Pin To Net: NetName=SCK Pin=U4-5
Added Pin To Net: NetName=SCK Pin=U6-5
Added Net: Name=SCK
Added Pin To Net: NetName=SCL Pin=P3-2
Added Pin To Net: NetName=SCL Pin=R1-2
Added Pin To Net: NetName=SCL Pin=U1-92
Added Net: Name=SCL
Added Pin To Net: NetName=SDA Pin=P3-3
Added Pin To Net: NetName=SDA Pin=R4-2
Added Pin To Net: NetName=SDA Pin=U1-93
Added Net: Name=SDA
Added Pin To Net: NetName=SWCLK1 Pin=P4-2
Added Pin To Net: NetName=SWCLK1 Pin=U5-37
Added Net: Name=SWCLK1
Added Pin To Net: NetName=SWCLK2 Pin=P5-2
Added Pin To Net: NetName=SWCLK2 Pin=U1-76
Added Net: Name=SWCLK2
Added Pin To Net: NetName=SWDIO1 Pin=P4-4
Added Pin To Net: NetName=SWDIO1 Pin=U5-34
Added Net: Name=SWDIO1
Added Pin To Net: NetName=SWDIO2 Pin=P5-4
Added Pin To Net: NetName=SWDIO2 Pin=U1-72
Added Net: Name=SWDIO2
Added Pin To Net: NetName=TX Pin=P1-1
Added Pin To Net: NetName=TX Pin=R5-2
Added Pin To Net: NetName=TX Pin=U1-69
Added Pin To Net: NetName=TX Pin=U5-21
Added Net: Name=TX
Added Class: Name=Sheet1
